<?xml version="1.0" encoding="UTF-8"?>
<!-- Generated by org.testng.reporters.JUnitReportReporter -->
<testsuite hostname="ice" failures="0" tests="1" name="lv.dong.Dev.services.Demo1" time="0.000" errors="0" timestamp="2024-01-18T14:18:05 CST" skipped="0">
  <testcase classname="lv.dong.Dev.services.Demo1" name="demo" time="0.000"/>
</testsuite> <!-- lv.dong.Dev.services.Demo1 -->
